<?xml version="1.0" encoding="UTF-8"?>
<!-- Generated by org.testng.reporters.JUnitReportReporter -->
<testsuite hostname="magnur" failures="0" tests="5" name="practice.FetchDataFromExcelTo_DpTest" time="0.050" errors="0" timestamp="2022-07-05T15:00:49 IST" skipped="0">
  <testcase classname="practice.FetchDataFromExcelTo_DpTest" name="bookTicket" time="0.007"/>
  <system-out/>
  <testcase classname="practice.FetchDataFromExcelTo_DpTest" name="bookTicket" time="0.006"/>
  <system-out/>
  <testcase classname="practice.FetchDataFromExcelTo_DpTest" name="bookTicket" time="0.018"/>
  <system-out/>
  <testcase classname="practice.FetchDataFromExcelTo_DpTest" name="bookTicket" time="0.010"/>
  <system-out/>
  <testcase classname="practice.FetchDataFromExcelTo_DpTest" name="bookTicket" time="0.009"/>
  <system-out/>
</testsuite> <!-- practice.FetchDataFromExcelTo_DpTest -->
