<?xml version="1.0" encoding="UTF-8"?>
<!-- Generated by org.testng.reporters.JUnitReportReporter -->
<testsuite hostname="magnur" failures="0" tests="1" name="com.crm.proearn.campaignsTest.CreateCampaignWithProductTest" time="59.217" errors="0" timestamp="2022-07-05T11:40:59 IST" skipped="0">
  <testcase classname="com.crm.proearn.campaignsTest.CreateCampaignWithProductTest" name="CreateCampaignWithProductTest" time="59.217"/>
  <system-out/>
</testsuite> <!-- com.crm.proearn.campaignsTest.CreateCampaignWithProductTest -->
