<?xml version="1.0" encoding="UTF-8"?>
<!-- Generated by org.testng.reporters.JUnitReportReporter -->
<testsuite hostname="magnur" failures="0" tests="3" name="practice.SampleTest_DataProviderTest" time="0.010" errors="0" timestamp="2022-07-05T13:10:58 IST" skipped="0">
  <testcase classname="practice.SampleTest_DataProviderTest" name="bookTicket" time="0.007"/>
  <system-out/>
  <testcase classname="practice.SampleTest_DataProviderTest" name="bookTicket" time="0.001"/>
  <system-out/>
  <testcase classname="practice.SampleTest_DataProviderTest" name="bookTicket" time="0.002"/>
  <system-out/>
</testsuite> <!-- practice.SampleTest_DataProviderTest -->
