<?xml version="1.0" encoding="UTF-8"?>
<!-- Generated by org.testng.reporters.JUnitReportReporter -->
<testsuite hostname="magnur" failures="0" tests="5" name="practice.BookTicketUsingWithDataProviderTest" time="0.016" errors="0" timestamp="2022-07-05T12:58:12 IST" skipped="0">
  <testcase classname="practice.BookTicketUsingWithDataProviderTest" name="bookTicket" time="0.009"/>
  <system-out/>
  <testcase classname="practice.BookTicketUsingWithDataProviderTest" name="bookTicket" time="0.002"/>
  <system-out/>
  <testcase classname="practice.BookTicketUsingWithDataProviderTest" name="bookTicket" time="0.002"/>
  <system-out/>
  <testcase classname="practice.BookTicketUsingWithDataProviderTest" name="bookTicket" time="0.002"/>
  <system-out/>
  <testcase classname="practice.BookTicketUsingWithDataProviderTest" name="bookTicket" time="0.001"/>
  <system-out/>
</testsuite> <!-- practice.BookTicketUsingWithDataProviderTest -->
