<?xml version="1.0" encoding="UTF-8"?>
<!-- Generated by org.testng.reporters.JUnitReportReporter -->
<testsuite skipped="0" hostname="magnur" name="com.crm.proearn.contactsTest.CreateContactAfterDeleteTest" tests="1" failures="0" timestamp="2022-07-15T10:42:41 IST" time="52.055" errors="0">
  <testcase name="CreateContactAndDeleteTest" time="52.055" classname="com.crm.proearn.contactsTest.CreateContactAfterDeleteTest"/>
  <system-out/>
</testsuite> <!-- com.crm.proearn.contactsTest.CreateContactAfterDeleteTest -->
