<?xml version="1.0" encoding="UTF-8"?>
<!-- Generated by org.testng.reporters.JUnitReportReporter -->
<testsuite hostname="magnur" failures="0" tests="1" name="com.crm.proearn.contactsTest.ContactPageTest" time="39.507" errors="0" timestamp="2022-07-06T19:43:15 IST" skipped="0">
  <testcase classname="com.crm.proearn.contactsTest.ContactPageTest" name="CreateContactTest" time="39.507"/>
  <system-out/>
</testsuite> <!-- com.crm.proearn.contactsTest.ContactPageTest -->
