<?xml version="1.0" encoding="UTF-8"?>
<!-- Generated by org.testng.reporters.JUnitReportReporter -->
<testsuite skipped="0" hostname="magnur" name="com.crm.proearn.campaignsTest.CampaignTest" tests="2" failures="0" timestamp="2022-07-15T10:41:20 IST" time="93.975" errors="0">
  <testcase name="CreateCampaignWithProductTest" time="58.305" classname="com.crm.proearn.campaignsTest.CampaignTest"/>
  <system-out/>
  <testcase name="CreateCampaignTest" time="35.670" classname="com.crm.proearn.campaignsTest.CampaignTest"/>
  <system-out/>
</testsuite> <!-- com.crm.proearn.campaignsTest.CampaignTest -->
