<?xml version="1.0" encoding="UTF-8"?>
<!-- Generated by org.testng.reporters.JUnitReportReporter -->
<testsuite hostname="magnur" failures="0" tests="1" name="com.crm.proearn.campaignsTest.CreateCampaignTest" time="37.961" errors="0" timestamp="2022-07-08T16:48:04 IST" skipped="0">
  <testcase classname="com.crm.proearn.campaignsTest.CreateCampaignTest" name="CreateCampaignTest" time="37.961"/>
  <system-out/>
</testsuite> <!-- com.crm.proearn.campaignsTest.CreateCampaignTest -->
