<?xml version="1.0" encoding="UTF-8"?>
<!-- Generated by org.testng.reporters.JUnitReportReporter -->
<testsuite hostname="magnur" failures="0" tests="2" name="Sample.OrganizationTest" time="0.035" errors="0" timestamp="2022-07-08T15:33:06 IST" skipped="0">
  <testcase classname="Sample.OrganizationTest" name="editOrganization" time="0.005"/>
  <system-out/>
  <testcase classname="Sample.OrganizationTest" name="createOrganization" time="0.030"/>
  <system-out/>
</testsuite> <!-- Sample.OrganizationTest -->
