<?xml version="1.0" encoding="UTF-8"?>
<!-- Generated by org.testng.reporters.JUnitReportReporter -->
<testsuite skipped="0" hostname="magnur" name="com.crm.proearn.organizationTest.OrganizationTest" tests="1" failures="0" timestamp="2022-07-14T22:57:42 IST" time="44.453" errors="0">
  <testcase name="CreateOrganizationTest" time="44.453" classname="com.crm.proearn.organizationTest.OrganizationTest"/>
  <system-out/>
</testsuite> <!-- com.crm.proearn.organizationTest.OrganizationTest -->
