<?xml version="1.0" encoding="UTF-8"?>
<!-- Generated by org.testng.reporters.JUnitReportReporter -->
<testsuite skipped="0" hostname="magnur" name="com.crm.proearn.contactsTest.ContactTest" tests="2" failures="0" timestamp="2022-07-15T10:44:43 IST" time="85.432" errors="0">
  <testcase name="CreateContactAndDeleteTest" time="48.057" classname="com.crm.proearn.contactsTest.ContactTest"/>
  <system-out/>
  <testcase name="CreateContactTest" time="37.375" classname="com.crm.proearn.contactsTest.ContactTest"/>
  <system-out/>
</testsuite> <!-- com.crm.proearn.contactsTest.ContactTest -->
