<?xml version="1.0" encoding="UTF-8"?>
<!-- Generated by org.testng.reporters.JUnitReportReporter -->
<testsuite hostname="magnur" failures="0" tests="1" name="com.crm.proearn.contactsTest.CreateContactTest" time="23.389" errors="0" timestamp="2022-07-05T11:56:29 IST" skipped="0">
  <testcase classname="com.crm.proearn.contactsTest.CreateContactTest" name="CreateContactTest" time="23.389"/>
  <system-out/>
</testsuite> <!-- com.crm.proearn.contactsTest.CreateContactTest -->
